<?xml version="1.0" encoding="UTF-8"?>
<beans xmlns="http://www.springframework.org/schema/beans"
	xmlns:xsi="http://www.w3.org/2001/XMLSchema-instance"
	xmlns:aop="http://www.springframework.org/schema/aop"
	xsi:schemaLocation="http://www.springframework.org/schema/beans
						http://www.springframework.org/schema/beans/spring-beans-3.0.xsd
						http://www.springframework.org/schema/aop
						http://www.springframework.org/schema/aop/spring-aop-3.0.xsd">
	<bean id="dataSource" class="org.springframework.jdbc.datasource.SimpleDriverDataSource" >
		<property name="driverClass" value="com.mysql.jdbc.Driver" />
		<property name="url" value="jdbc:mysql://localhost/springdb" />
		<property name="username" value="SPRINGUSER" />
		<property name="password" value="admin" />
	</bean>
	
	<bean class="org.springframework.aop.framework.autoproxy.DefaultAdvisorAutoProxyCreator" />
	
	<bean id="userLevelUpgradePolicy" class="springbook.user.domain.UserLevelUpgradePolicyA" />

	<bean id="mailSender" class="springbook.user.service.DummyMailSender" /> 
	
	<bean id="testUserService" class="springbook.user.service.UserServiceTest$TestUserServiceImpl" parent="userService" />
	
	<bean id="userService" class="springbook.user.service.UserServiceImpl">
		<property name="userDao" ref="userDao" />
		<property name="userLevelUpgradePolicy" ref="userLevelUpgradePolicy" />
		<property name="mailSender" ref="mailSender" />
	</bean>
	
<!-- 	<bean id="userServiceImpl" class="springbook.user.service.UserServiceImpl"> -->
<!-- 		<property name="userDao" ref="userDao" /> -->
<!-- 		<property name="userLevelUpgradePolicy" ref="userLevelUpgradePolicy" /> -->
<!-- 		<property name="mailSender" ref="mailSender" /> -->
<!-- 	</bean> -->

	<bean id="transactionManager" class="org.springframework.jdbc.datasource.DataSourceTransactionManager">
		<property name="dataSource" ref="dataSource" />
	</bean>
	
	<bean id="userDao" class="springbook.dao.UserDaoJdbc">
		<property name="dataSource" ref="dataSource" />
	</bean>
	
	<bean id="jdbcContext" class="springbook.user.dao.JdbcContext">
		<property name="dataSource" ref="dataSource" />
	</bean>
	
<!-- 	<bean id="transactionAdvice" class="springbook.user.service.TransactionAdvice"> -->
<!-- 		<property name="transactionManager" ref="transactionManager" /> -->
<!-- 	</bean> -->
	
<!-- 	<bean id="transactionPointcut" class="springbook.learningtest.jdk.proxy.NameMatchClassMethodPointcut"> -->
<!-- 		<property name="mappedClassName" value="*ServiceImpl" /> -->
<!-- 		<property name="mappedName" value="upgrade*" /> -->
<!-- 	</bean> -->
<!-- 	<bean id="transactionPointcut" class="org.springframework.aop.aspectj.AspectJExpressionPointcut"> -->
<!-- 		<property name="expression" value="execution(* *..*ServiceImpl.upgrade*(..))" /> -->
<!-- 	</bean> -->
	
<!-- 	<bean id="transactionAdvisor" class="org.springframework.aop.support.DefaultPointcutAdvisor"> -->
<!-- 		<property name="advice" ref="transactionAdvice" /> -->
<!-- 		<property name="pointcut" ref="transactionPointcut" /> -->
<!-- 	</bean> -->

	<aop:config>
		<aop:pointcut id="transactionPointcut" expression="execution(* *..*ServiceImpl.upgrade*(..))" />
		<aop:advisor advice-ref="transactionAdvice" pointcut-ref="transactionPointcut" />
	</aop:config>
	
	<bean id="transactionAdvice" class="org.springframework.transaction.interceptor.TransactionInterceptor">
		<property name="transactionManager" ref="transactionManager" />
		<property name="transactionAttributes" >
			<props>
				<prop key="get*">PROPAGATION_REQUIRED,readOnly,timeout_30</prop>
				<prop key="upgrade*">PROPAGATION_REQUIRES_NEW,ISOLATION_SERIALIZABLE</prop>
				<prop key="*">PROPAGATION_REQUIRED</prop>
			</props>
		</property>
	</bean>
</beans>