<?xml version="1.0" encoding="UTF-8"?>
<beans xmlns="http://www.springframework.org/schema/beans"
	xmlns:xsi="http://www.w3.org/2001/XMLSchema-instance"
	xsi:schemaLocation="http://www.springframework.org/schema/beans
						http://www.springframework.org/schema/beans/spring-beans-3.0.xsd">
	<bean id="dataSource" class="org.springframework.jdbc.datasource.SimpleDriverDataSource" >
		<property name="driverClass" value="com.mysql.jdbc.Driver" />
		<property name="url" value="jdbc:mysql://localhost/springdb" />
		<property name="username" value="SPRINGUSER" />
		<property name="password" value="admin" />
	</bean>
	
	<bean id="userLevelUpgradePolicy" class="springbook.user.domain.UserLevelUpgradePolicyA" />

	<bean id="mailSender" class="springbook.user.service.DummyMailSender" /> 
	
	<bean id="userService" class="springbook.user.service.UserService">
		<property name="userDao" ref="userDao" />
		<property name="userLevelUpgradePolicy" ref="userLevelUpgradePolicy" />
		<property name="transactionManager" ref="transactionManager" />
		<property name="mailSender" ref="mailSender" />
	</bean>

	<bean id="transactionManager" class="org.springframework.jdbc.datasource.DataSourceTransactionManager">
		<property name="dataSource" ref="dataSource" />
	</bean>
	
	<bean id="userDao" class="springbook.dao.UserDaoJdbc">
		<property name="dataSource" ref="dataSource" />
	</bean>
	
	<bean id="jdbcContext" class="springbook.user.dao.JdbcContext">
		<property name="dataSource" ref="dataSource" />
	</bean>

</beans>